<?xml version="1.0" encoding="UTF-8"?>
<!-- Generated by org.testng.reporters.JUnitReportReporter -->
<testsuite hostname="LAPTOP-T68UG2TK" name="com.testCase.TC_Validate_Anchor" tests="1" failures="0" timestamp="14 Feb 2021 14:40:31 GMT" time="12.166" errors="0">
  <testcase name="validateAnchor" time="12.166" classname="com.testCase.TC_Validate_Anchor"/>
</testsuite> <!-- com.testCase.TC_Validate_Anchor -->
